<?xml version="1.0" encoding="UTF-8"?>
<testng-results skipped="0" failed="0" total="1" passed="1">
  <reporter-output>
  </reporter-output>
  <suite name="Default suite" duration-ms="87576" started-at="2020-03-10T12:31:05Z" finished-at="2020-03-10T12:32:33Z">
    <groups>
    </groups>
    <test name="Default test" duration-ms="87576" started-at="2020-03-10T12:31:05Z" finished-at="2020-03-10T12:32:33Z">
      <class name="voonikusingAndroidUIAutomator.MoreProducts">
        <test-method status="PASS" signature="voonik()[pri:0, instance:voonikusingAndroidUIAutomator.MoreProducts@2f7c7260]" name="voonik" duration-ms="87432" started-at="2020-03-10T18:01:05Z" finished-at="2020-03-10T18:02:33Z">
          <reporter-output>
          </reporter-output>
        </test-method> <!-- voonik -->
      </class> <!-- voonikusingAndroidUIAutomator.MoreProducts -->
    </test> <!-- Default test -->
  </suite> <!-- Default suite -->
</testng-results>
